<?xml version="1.0" encoding="UTF-8"?>
<testsuite name="JUnit Jupiter" tests="4" skipped="3" failures="0" errors="0" time="0.806" hostname="DESKTOP-6S6EUQ6" timestamp="2025-03-04T15:45:18">
<properties>
<property name="APPLICATION_NAME" value="vehicle-service"/>
<property name="CONSOLE_LOG_CHARSET" value="UTF-8"/>
<property name="FILE_LOG_CHARSET" value="UTF-8"/>
<property name="LOGGED_APPLICATION_NAME" value="[vehicle-service] "/>
<property name="PID" value="131489"/>
<property name="com.zaxxer.hikari.pool_number" value="1"/>
<property name="file.encoding" value="UTF-8"/>
<property name="file.separator" value="/"/>
<property name="hibernate.bytecode.provider" value="none"/>
<property name="hibernate.bytecode.use_reflection_optimizer" value="false"/>
<property name="java.awt.headless" value="true"/>
<property name="java.class.path" value=""/>
<property name="java.class.version" value="61.0"/>
<property name="java.endorsed.dirs" value=""/>
<property name="java.ext.dirs" value=""/>
<property name="java.io.tmpdir" value="/tmp"/>
<property name="java.library.path" value="/usr/lib64:/lib64:/lib:/usr/lib"/>
<property name="java.runtime.name" value="GraalVM Runtime Environment"/>
<property name="java.runtime.version" value="17.0.9+9-jvmci-23.0-b22"/>
<property name="java.specification.name" value="Java Platform API Specification"/>
<property name="java.specification.vendor" value="Oracle Corporation"/>
<property name="java.specification.version" value="17"/>
<property name="java.vendor" value="GraalVM Community"/>
<property name="java.vendor.url" value="https://www.graalvm.org/"/>
<property name="java.vendor.version" value="GraalVM CE 17.0.9+9.1"/>
<property name="java.version" value="17.0.9"/>
<property name="java.version.date" value="2023-10-17"/>
<property name="java.vm.info" value="serial gc"/>
<property name="java.vm.name" value="Substrate VM"/>
<property name="java.vm.specification.name" value="Java Virtual Machine Specification"/>
<property name="java.vm.specification.vendor" value="Oracle Corporation"/>
<property name="java.vm.specification.version" value="17"/>
<property name="java.vm.vendor" value="GraalVM Community"/>
<property name="java.vm.version" value="17.0.9+9"/>
<property name="jdk.lang.Process.launchMechanism" value="FORK"/>
<property name="line.separator" value="
"/>
<property name="native.encoding" value="UTF-8"/>
<property name="org.graalvm.nativeimage.imagecode" value="runtime"/>
<property name="org.graalvm.nativeimage.kind" value="executable"/>
<property name="org.jboss.logging.provider" value="slf4j"/>
<property name="os.arch" value="amd64"/>
<property name="os.name" value="Linux"/>
<property name="os.version" value="5.15.167.4-microsoft-standard-WSL2"/>
<property name="path.separator" value=":"/>
<property name="sun.arch.data.model" value="64"/>
<property name="sun.jnu.encoding" value="UTF-8"/>
<property name="user.dir" value="/home/plutus/java/trackswiftly-monorepo/vehicle_service"/>
<property name="user.home" value="/home/plutus"/>
<property name="user.name" value="plutus"/>
<property name="user.timezone" value="Africa/Casablanca"/>
</properties>
<testcase name="testValidateVehicleRequestWithEmptyList()" classname="com.trackswiftly.vehicle_service.test.EntityValidatorTest" time="0">
<skipped><![CDATA[parent was skipped: System property [org.graalvm.nativeimage.imagecode] with value [runtime] matches regular expression [.+] ==> Currently executing within a GraalVM native image]]></skipped>
<system-out><![CDATA[
unique-id: [engine:junit-jupiter]/[class:com.trackswiftly.vehicle_service.test.EntityValidatorTest]/[method:testValidateVehicleRequestWithEmptyList()]
display-name: testValidateVehicleRequestWithEmptyList()
]]></system-out>
</testcase>
<testcase name="testValidateVehicleRequestWithNonExistentEntity()" classname="com.trackswiftly.vehicle_service.test.EntityValidatorTest" time="0">
<skipped><![CDATA[parent was skipped: System property [org.graalvm.nativeimage.imagecode] with value [runtime] matches regular expression [.+] ==> Currently executing within a GraalVM native image]]></skipped>
<system-out><![CDATA[
unique-id: [engine:junit-jupiter]/[class:com.trackswiftly.vehicle_service.test.EntityValidatorTest]/[method:testValidateVehicleRequestWithNonExistentEntity()]
display-name: testValidateVehicleRequestWithNonExistentEntity()
]]></system-out>
</testcase>
<testcase name="testGeneratedQueryContainsTenantId()" classname="com.trackswiftly.vehicle_service.integration.MultiTenantQueryTest" time="0.042">
<system-out><![CDATA[
unique-id: [engine:junit-jupiter]/[class:com.trackswiftly.vehicle_service.integration.MultiTenantQueryTest]/[method:testGeneratedQueryContainsTenantId()]
display-name: testGeneratedQueryContainsTenantId()
]]></system-out>
</testcase>
<testcase name="testValidateVehicleRequestWithValidIds()" classname="com.trackswiftly.vehicle_service.test.EntityValidatorTest" time="0">
<skipped><![CDATA[parent was skipped: System property [org.graalvm.nativeimage.imagecode] with value [runtime] matches regular expression [.+] ==> Currently executing within a GraalVM native image]]></skipped>
<system-out><![CDATA[
unique-id: [engine:junit-jupiter]/[class:com.trackswiftly.vehicle_service.test.EntityValidatorTest]/[method:testValidateVehicleRequestWithValidIds()]
display-name: testValidateVehicleRequestWithValidIds()
]]></system-out>
</testcase>
<system-out><![CDATA[
unique-id: [engine:junit-jupiter]
display-name: JUnit Jupiter
]]></system-out>
</testsuite>
